2025-01-17 12:19:21 INFO  TC_001_AccountRegistrationTest:15 - *****Starting the Test Execution**********
2025-01-17 12:29:31 INFO  Utils:112 - [Utils] MethodGroupsHelper.collectMethodsByGroup() took 0 ms.
2025-01-17 12:29:31 INFO  Utils:112 - [Utils] MethodGroupsHelper.sortMethods() took 0 ms.
2025-01-17 12:29:31 INFO  Utils:112 - [Utils] MethodGroupsHelper.collectMethodsByGroup() took 0 ms.
2025-01-17 12:29:31 INFO  Utils:112 - [Utils] MethodGroupsHelper.sortMethods() took 0 ms.
2025-01-17 12:29:31 INFO  Utils:112 - [Utils] MethodGroupsHelper.collectMethodsByGroup() took 0 ms.
2025-01-17 12:29:31 INFO  Utils:112 - [Utils] MethodGroupsHelper.sortMethods() took 0 ms.
2025-01-17 12:29:31 INFO  Utils:112 - [Utils] MethodGroupsHelper.collectMethodsByGroup() took 0 ms.
2025-01-17 12:29:31 INFO  Utils:112 - [Utils] MethodGroupsHelper.sortMethods() took 0 ms.
2025-01-17 12:29:31 INFO  Utils:112 - [Utils] MethodGroupsHelper.collectMethodsByGroup() took 2 ms.
2025-01-17 12:29:31 INFO  Utils:112 - [Utils] MethodGroupsHelper.sortMethods() took 10 ms.
2025-01-17 12:29:31 INFO  Utils:112 - [Utils] MethodGroupsHelper.collectMethodsByGroup() took 0 ms.
2025-01-17 12:29:31 INFO  Utils:112 - [Utils] MethodGroupsHelper.sortMethods() took 0 ms.
2025-01-17 12:29:31 INFO  Utils:112 - [Utils] MethodGroupsHelper.collectMethodsByGroup() took 0 ms.
2025-01-17 12:29:31 INFO  Utils:112 - [Utils] MethodGroupsHelper.sortMethods() took 0 ms.
2025-01-17 12:29:31 INFO  Utils:112 - [Utils] MethodGroupsHelper.collectMethodsByGroup() took 0 ms.
2025-01-17 12:29:31 INFO  Utils:112 - [Utils] MethodGroupsHelper.sortMethods() took 0 ms.
2025-01-17 12:29:31 INFO  Utils:112 - [Utils] MethodGroupsHelper.collectMethodsByGroup() took 0 ms.
2025-01-17 12:29:31 INFO  Utils:112 - [Utils] MethodGroupsHelper.sortMethods() took 0 ms.
2025-01-17 12:29:31 INFO  Utils:112 - [Utils] MethodGroupsHelper.collectMethodsByGroup() took 0 ms.
2025-01-17 12:29:31 INFO  Utils:112 - [Utils] MethodGroupsHelper.sortMethods() took 0 ms.
2025-01-17 12:29:31 INFO  Utils:112 - [Utils] MethodGroupsHelper.collectMethodsByGroup() took 0 ms.
2025-01-17 12:29:31 INFO  Utils:112 - [Utils] MethodGroupsHelper.sortMethods() took 0 ms.
2025-01-17 12:29:31 INFO  Utils:112 - [Utils] MethodGroupsHelper.collectMethodsByGroup() took 0 ms.
2025-01-17 12:29:31 INFO  Utils:112 - [Utils] MethodGroupsHelper.sortMethods() took 0 ms.
2025-01-17 12:29:31 INFO  Utils:112 - [Utils] MethodGroupsHelper.collectMethodsByGroup() took 0 ms.
2025-01-17 12:29:31 INFO  Utils:112 - [Utils] MethodGroupsHelper.sortMethods() took 0 ms.
2025-01-17 12:29:31 INFO  Utils:112 - [Utils] MethodGroupsHelper.collectMethodsByGroup() took 0 ms.
2025-01-17 12:29:31 INFO  Utils:112 - [Utils] MethodGroupsHelper.sortMethods() took 0 ms.
2025-01-17 12:29:31 INFO  Utils:112 - [Utils] MethodGroupsHelper.collectMethodsByGroup() took 0 ms.
2025-01-17 12:29:31 INFO  Utils:112 - [Utils] MethodGroupsHelper.sortMethods() took 0 ms.
2025-01-17 12:29:31 INFO  Utils:112 - [TestNG] Running:
  C:\Users\Chandra\AppData\Local\Temp\testng-eclipse-651928154\testng-customsuite.xml

2025-01-17 12:29:31 INFO  Utils:112 - [Utils] DynamicGraphHelper.createDynamicGraph() took 3 ms.
2025-01-17 12:29:37 INFO  TC_001_AccountRegistrationTest:15 - *****Starting the Test Execution**********
2025-01-17 12:29:43 WARN  TC_001_AccountRegistrationTest:37 - ----------Asserting the Confirmation message------------
2025-01-17 12:29:43 INFO  TC_001_AccountRegistrationTest:41 - !!!!!Test Passed!!!!!
2025-01-17 12:29:43 INFO  Utils:112 - [TestNG] Time taken by org.testng.reporters.jq.Main@15fa55a6: 101 ms
2025-01-17 12:29:43 INFO  Utils:112 - [TestNG] Time taken by org.testng.reporters.FailedReporter@4f186450: 1 ms
2025-01-17 12:29:43 INFO  Utils:112 - [TestNG] Time taken by org.testng.reporters.XMLReporter@87abc48: 14 ms
2025-01-17 12:29:43 INFO  Utils:112 - [TestNG] Time taken by org.testng.reporters.EmailableReporter2@61f3fbb8: 10 ms
2025-01-17 12:29:43 INFO  Utils:112 - [TestNG] Time taken by org.testng.reporters.JUnitReportReporter@63da207f: 6 ms
2025-01-17 12:29:43 INFO  Utils:112 - [TestNG] Time taken by org.testng.internal.ExitCodeListener@173373b4: 0 ms
2025-01-17 12:41:50 INFO  Utils:112 - [Utils] MethodGroupsHelper.collectMethodsByGroup() took 0 ms.
2025-01-17 12:41:50 INFO  Utils:112 - [Utils] MethodGroupsHelper.sortMethods() took 1 ms.
2025-01-17 12:41:50 INFO  Utils:112 - [Utils] MethodGroupsHelper.collectMethodsByGroup() took 0 ms.
2025-01-17 12:41:50 INFO  Utils:112 - [Utils] MethodGroupsHelper.sortMethods() took 0 ms.
2025-01-17 12:41:50 INFO  Utils:112 - [Utils] MethodGroupsHelper.collectMethodsByGroup() took 0 ms.
2025-01-17 12:41:50 INFO  Utils:112 - [Utils] MethodGroupsHelper.sortMethods() took 0 ms.
2025-01-17 12:41:50 INFO  Utils:112 - [Utils] MethodGroupsHelper.collectMethodsByGroup() took 0 ms.
2025-01-17 12:41:50 INFO  Utils:112 - [Utils] MethodGroupsHelper.sortMethods() took 0 ms.
2025-01-17 12:41:50 INFO  Utils:112 - [Utils] MethodGroupsHelper.collectMethodsByGroup() took 2 ms.
2025-01-17 12:41:50 INFO  Utils:112 - [Utils] MethodGroupsHelper.sortMethods() took 16 ms.
2025-01-17 12:41:50 INFO  Utils:112 - [Utils] MethodGroupsHelper.collectMethodsByGroup() took 0 ms.
2025-01-17 12:41:50 INFO  Utils:112 - [Utils] MethodGroupsHelper.sortMethods() took 2 ms.
2025-01-17 12:41:50 INFO  Utils:112 - [Utils] MethodGroupsHelper.collectMethodsByGroup() took 0 ms.
2025-01-17 12:41:50 INFO  Utils:112 - [Utils] MethodGroupsHelper.sortMethods() took 0 ms.
2025-01-17 12:41:50 INFO  Utils:112 - [Utils] MethodGroupsHelper.collectMethodsByGroup() took 0 ms.
2025-01-17 12:41:50 INFO  Utils:112 - [Utils] MethodGroupsHelper.sortMethods() took 0 ms.
2025-01-17 12:41:50 INFO  Utils:112 - [Utils] MethodGroupsHelper.collectMethodsByGroup() took 0 ms.
2025-01-17 12:41:50 INFO  Utils:112 - [Utils] MethodGroupsHelper.sortMethods() took 0 ms.
2025-01-17 12:41:50 INFO  Utils:112 - [Utils] MethodGroupsHelper.collectMethodsByGroup() took 0 ms.
2025-01-17 12:41:50 INFO  Utils:112 - [Utils] MethodGroupsHelper.sortMethods() took 0 ms.
2025-01-17 12:41:50 INFO  Utils:112 - [Utils] MethodGroupsHelper.collectMethodsByGroup() took 0 ms.
2025-01-17 12:41:50 INFO  Utils:112 - [Utils] MethodGroupsHelper.sortMethods() took 0 ms.
2025-01-17 12:41:50 INFO  Utils:112 - [Utils] MethodGroupsHelper.collectMethodsByGroup() took 0 ms.
2025-01-17 12:41:50 INFO  Utils:112 - [Utils] MethodGroupsHelper.sortMethods() took 0 ms.
2025-01-17 12:41:50 INFO  Utils:112 - [Utils] MethodGroupsHelper.collectMethodsByGroup() took 0 ms.
2025-01-17 12:41:50 INFO  Utils:112 - [Utils] MethodGroupsHelper.sortMethods() took 1 ms.
2025-01-17 12:41:50 INFO  Utils:112 - [Utils] MethodGroupsHelper.collectMethodsByGroup() took 0 ms.
2025-01-17 12:41:50 INFO  Utils:112 - [Utils] MethodGroupsHelper.sortMethods() took 0 ms.
2025-01-17 12:41:50 INFO  Utils:112 - [Utils] MethodGroupsHelper.collectMethodsByGroup() took 0 ms.
2025-01-17 12:41:50 INFO  Utils:112 - [Utils] MethodGroupsHelper.sortMethods() took 0 ms.
2025-01-17 12:41:50 INFO  Utils:112 - [TestNG] Running:
  C:\Users\Chandra\AppData\Local\Temp\testng-eclipse-2008021363\testng-customsuite.xml

2025-01-17 12:41:50 INFO  Utils:112 - [Utils] DynamicGraphHelper.createDynamicGraph() took 6 ms.
2025-01-17 12:41:56 INFO  Utils:112 - [TestNG] Time taken by org.testng.reporters.jq.Main@1517f633: 84 ms
2025-01-17 12:41:56 INFO  Utils:112 - [TestNG] Time taken by org.testng.reporters.FailedReporter@2d0bfb24: 58 ms
2025-01-17 12:41:56 INFO  Utils:112 - [TestNG] Time taken by org.testng.reporters.XMLReporter@29182679: 24 ms
2025-01-17 12:41:56 INFO  Utils:112 - [TestNG] Time taken by org.testng.reporters.EmailableReporter2@3e9803c2: 21 ms
2025-01-17 12:41:56 INFO  Utils:112 - [TestNG] Time taken by org.testng.reporters.JUnitReportReporter@7808fb9: 14 ms
2025-01-17 12:41:56 INFO  Utils:112 - [TestNG] Time taken by org.testng.internal.ExitCodeListener@773bd77b: 0 ms
2025-01-17 12:54:47 INFO  Utils:112 - [Utils] MethodGroupsHelper.collectMethodsByGroup() took 1 ms.
2025-01-17 12:54:47 INFO  Utils:112 - [Utils] MethodGroupsHelper.sortMethods() took 3 ms.
2025-01-17 12:54:47 INFO  Utils:112 - [Utils] MethodGroupsHelper.collectMethodsByGroup() took 0 ms.
2025-01-17 12:54:47 INFO  Utils:112 - [Utils] MethodGroupsHelper.sortMethods() took 0 ms.
2025-01-17 12:54:47 INFO  Utils:112 - [Utils] MethodGroupsHelper.collectMethodsByGroup() took 0 ms.
2025-01-17 12:54:47 INFO  Utils:112 - [Utils] MethodGroupsHelper.sortMethods() took 0 ms.
2025-01-17 12:54:47 INFO  Utils:112 - [Utils] MethodGroupsHelper.collectMethodsByGroup() took 0 ms.
2025-01-17 12:54:47 INFO  Utils:112 - [Utils] MethodGroupsHelper.sortMethods() took 0 ms.
2025-01-17 12:54:47 INFO  Utils:112 - [Utils] MethodGroupsHelper.collectMethodsByGroup() took 2 ms.
2025-01-17 12:54:47 INFO  Utils:112 - [Utils] MethodGroupsHelper.sortMethods() took 10 ms.
2025-01-17 12:54:47 INFO  Utils:112 - [Utils] MethodGroupsHelper.collectMethodsByGroup() took 0 ms.
2025-01-17 12:54:47 INFO  Utils:112 - [Utils] MethodGroupsHelper.sortMethods() took 0 ms.
2025-01-17 12:54:47 INFO  Utils:112 - [Utils] MethodGroupsHelper.collectMethodsByGroup() took 0 ms.
2025-01-17 12:54:47 INFO  Utils:112 - [Utils] MethodGroupsHelper.sortMethods() took 0 ms.
2025-01-17 12:54:47 INFO  Utils:112 - [Utils] MethodGroupsHelper.collectMethodsByGroup() took 0 ms.
2025-01-17 12:54:47 INFO  Utils:112 - [Utils] MethodGroupsHelper.sortMethods() took 0 ms.
2025-01-17 12:54:47 INFO  Utils:112 - [Utils] MethodGroupsHelper.collectMethodsByGroup() took 0 ms.
2025-01-17 12:54:47 INFO  Utils:112 - [Utils] MethodGroupsHelper.sortMethods() took 0 ms.
2025-01-17 12:54:47 INFO  Utils:112 - [Utils] MethodGroupsHelper.collectMethodsByGroup() took 0 ms.
2025-01-17 12:54:47 INFO  Utils:112 - [Utils] MethodGroupsHelper.sortMethods() took 0 ms.
2025-01-17 12:54:47 INFO  Utils:112 - [Utils] MethodGroupsHelper.collectMethodsByGroup() took 0 ms.
2025-01-17 12:54:47 INFO  Utils:112 - [Utils] MethodGroupsHelper.sortMethods() took 0 ms.
2025-01-17 12:54:47 INFO  Utils:112 - [Utils] MethodGroupsHelper.collectMethodsByGroup() took 0 ms.
2025-01-17 12:54:47 INFO  Utils:112 - [Utils] MethodGroupsHelper.sortMethods() took 0 ms.
2025-01-17 12:54:47 INFO  Utils:112 - [Utils] MethodGroupsHelper.collectMethodsByGroup() took 0 ms.
2025-01-17 12:54:47 INFO  Utils:112 - [Utils] MethodGroupsHelper.sortMethods() took 0 ms.
2025-01-17 12:54:47 INFO  Utils:112 - [Utils] MethodGroupsHelper.collectMethodsByGroup() took 0 ms.
2025-01-17 12:54:47 INFO  Utils:112 - [Utils] MethodGroupsHelper.sortMethods() took 0 ms.
2025-01-17 12:54:47 INFO  Utils:112 - [Utils] MethodGroupsHelper.collectMethodsByGroup() took 0 ms.
2025-01-17 12:54:47 INFO  Utils:112 - [Utils] MethodGroupsHelper.sortMethods() took 0 ms.
2025-01-17 12:54:47 INFO  Utils:112 - [TestNG] Running:
  C:\Users\Chandra\AppData\Local\Temp\testng-eclipse-421053622\testng-customsuite.xml

2025-01-17 12:54:47 INFO  Utils:112 - [Utils] DynamicGraphHelper.createDynamicGraph() took 7 ms.
2025-01-17 12:54:51 INFO  TC_001_AccountRegistrationTest:15 - *****Starting the Test Execution**********
2025-01-17 12:54:54 WARN  TC_001_AccountRegistrationTest:38 - ----------Asserting the Confirmation message------------
2025-01-17 12:54:54 ERROR TC_001_AccountRegistrationTest:46 - Error in the Program, test failed
2025-01-17 12:54:54 INFO  Utils:112 - [TestNG] Time taken by org.testng.reporters.jq.Main@4e628b52: 112 ms
2025-01-17 12:54:54 INFO  Utils:112 - [TestNG] Time taken by org.testng.reporters.FailedReporter@51ec2df1: 0 ms
2025-01-17 12:54:54 INFO  Utils:112 - [TestNG] Time taken by org.testng.reporters.XMLReporter@79ab34c1: 12 ms
2025-01-17 12:54:54 INFO  Utils:112 - [TestNG] Time taken by org.testng.reporters.EmailableReporter2@6daf2337: 8 ms
2025-01-17 12:54:54 INFO  Utils:112 - [TestNG] Time taken by org.testng.reporters.JUnitReportReporter@60e5272: 7 ms
2025-01-17 12:54:54 INFO  Utils:112 - [TestNG] Time taken by org.testng.internal.ExitCodeListener@7d755813: 0 ms
2025-01-17 13:00:23 DEBUG TestNG:82 - suiteXmlPath: "C:\Users\Chandra\AppData\Local\Temp\testng-eclipse--1120359385\testng-customsuite.xml"
2025-01-17 13:00:23 INFO  Utils:112 - [Utils] MethodGroupsHelper.collectMethodsByGroup() took 1 ms.
2025-01-17 13:00:23 INFO  Utils:112 - [Utils] MethodGroupsHelper.sortMethods() took 20 ms.
2025-01-17 13:00:23 INFO  Utils:112 - [Utils] MethodGroupsHelper.collectMethodsByGroup() took 0 ms.
2025-01-17 13:00:23 INFO  Utils:112 - [Utils] MethodGroupsHelper.sortMethods() took 0 ms.
2025-01-17 13:00:23 INFO  Utils:112 - [Utils] MethodGroupsHelper.collectMethodsByGroup() took 0 ms.
2025-01-17 13:00:23 INFO  Utils:112 - [Utils] MethodGroupsHelper.sortMethods() took 0 ms.
2025-01-17 13:00:23 INFO  Utils:112 - [Utils] MethodGroupsHelper.collectMethodsByGroup() took 0 ms.
2025-01-17 13:00:23 INFO  Utils:112 - [Utils] MethodGroupsHelper.sortMethods() took 0 ms.
2025-01-17 13:00:23 INFO  Utils:112 - [Utils] MethodGroupsHelper.collectMethodsByGroup() took 3 ms.
2025-01-17 13:00:23 INFO  Utils:112 - [Utils] MethodGroupsHelper.sortMethods() took 15 ms.
2025-01-17 13:00:23 INFO  Utils:112 - [Utils] MethodGroupsHelper.collectMethodsByGroup() took 0 ms.
2025-01-17 13:00:23 INFO  Utils:112 - [Utils] MethodGroupsHelper.sortMethods() took 0 ms.
2025-01-17 13:00:23 INFO  Utils:112 - [Utils] MethodGroupsHelper.collectMethodsByGroup() took 0 ms.
2025-01-17 13:00:23 INFO  Utils:112 - [Utils] MethodGroupsHelper.sortMethods() took 0 ms.
2025-01-17 13:00:23 INFO  Utils:112 - [Utils] MethodGroupsHelper.collectMethodsByGroup() took 0 ms.
2025-01-17 13:00:23 INFO  Utils:112 - [Utils] MethodGroupsHelper.sortMethods() took 0 ms.
2025-01-17 13:00:23 INFO  Utils:112 - [Utils] MethodGroupsHelper.collectMethodsByGroup() took 0 ms.
2025-01-17 13:00:23 INFO  Utils:112 - [Utils] MethodGroupsHelper.sortMethods() took 0 ms.
2025-01-17 13:00:23 INFO  Utils:112 - [Utils] MethodGroupsHelper.collectMethodsByGroup() took 0 ms.
2025-01-17 13:00:23 INFO  Utils:112 - [Utils] MethodGroupsHelper.sortMethods() took 0 ms.
2025-01-17 13:00:23 INFO  Utils:112 - [Utils] MethodGroupsHelper.collectMethodsByGroup() took 0 ms.
2025-01-17 13:00:23 INFO  Utils:112 - [Utils] MethodGroupsHelper.sortMethods() took 0 ms.
2025-01-17 13:00:23 INFO  Utils:112 - [Utils] MethodGroupsHelper.collectMethodsByGroup() took 0 ms.
2025-01-17 13:00:23 INFO  Utils:112 - [Utils] MethodGroupsHelper.sortMethods() took 0 ms.
2025-01-17 13:00:23 INFO  Utils:112 - [Utils] MethodGroupsHelper.collectMethodsByGroup() took 0 ms.
2025-01-17 13:00:23 INFO  Utils:112 - [Utils] MethodGroupsHelper.sortMethods() took 0 ms.
2025-01-17 13:00:23 INFO  Utils:112 - [Utils] MethodGroupsHelper.collectMethodsByGroup() took 0 ms.
2025-01-17 13:00:23 INFO  Utils:112 - [Utils] MethodGroupsHelper.sortMethods() took 0 ms.
2025-01-17 13:00:23 INFO  Utils:112 - [Utils] MethodGroupsHelper.collectMethodsByGroup() took 0 ms.
2025-01-17 13:00:23 INFO  Utils:112 - [Utils] MethodGroupsHelper.sortMethods() took 0 ms.
2025-01-17 13:00:23 INFO  Utils:112 - [TestNG] Running:
  C:\Users\Chandra\AppData\Local\Temp\testng-eclipse--1120359385\testng-customsuite.xml

2025-01-17 13:00:23 INFO  Utils:112 - [Utils] DynamicGraphHelper.createDynamicGraph() took 5 ms.
2025-01-17 13:00:27 INFO  TC_001_AccountRegistrationTest:15 - *****Starting the Test Execution**********
2025-01-17 13:00:30 WARN  TC_001_AccountRegistrationTest:38 - ----------Asserting the Confirmation message------------
2025-01-17 13:00:30 ERROR TC_001_AccountRegistrationTest:46 - Error in the Program, test failed
2025-01-17 13:00:30 DEBUG TC_001_AccountRegistrationTest:47 - Debug logs
2025-01-17 13:00:30 INFO  Utils:112 - [TestNG] Time taken by org.testng.reporters.jq.Main@4e628b52: 94 ms
2025-01-17 13:00:30 INFO  Utils:112 - [TestNG] Time taken by org.testng.reporters.FailedReporter@51ec2df1: 0 ms
2025-01-17 13:00:30 INFO  Utils:112 - [TestNG] Time taken by org.testng.reporters.XMLReporter@79ab34c1: 11 ms
2025-01-17 13:00:30 INFO  Utils:112 - [TestNG] Time taken by org.testng.reporters.EmailableReporter2@6daf2337: 8 ms
2025-01-17 13:00:30 INFO  Utils:112 - [TestNG] Time taken by org.testng.reporters.JUnitReportReporter@60e5272: 7 ms
2025-01-17 13:00:30 INFO  Utils:112 - [TestNG] Time taken by org.testng.internal.ExitCodeListener@7d755813: 1 ms
2025-01-17 13:01:40 DEBUG TestNG:82 - suiteXmlPath: "C:\Users\Chandra\AppData\Local\Temp\testng-eclipse-907526185\testng-customsuite.xml"
2025-01-17 13:01:40 INFO  Utils:112 - [Utils] MethodGroupsHelper.collectMethodsByGroup() took 1 ms.
2025-01-17 13:01:40 INFO  Utils:112 - [Utils] MethodGroupsHelper.sortMethods() took 1 ms.
2025-01-17 13:01:40 INFO  Utils:112 - [Utils] MethodGroupsHelper.collectMethodsByGroup() took 0 ms.
2025-01-17 13:01:40 INFO  Utils:112 - [Utils] MethodGroupsHelper.sortMethods() took 0 ms.
2025-01-17 13:01:40 INFO  Utils:112 - [Utils] MethodGroupsHelper.collectMethodsByGroup() took 0 ms.
2025-01-17 13:01:40 INFO  Utils:112 - [Utils] MethodGroupsHelper.sortMethods() took 0 ms.
2025-01-17 13:01:40 INFO  Utils:112 - [Utils] MethodGroupsHelper.collectMethodsByGroup() took 0 ms.
2025-01-17 13:01:40 INFO  Utils:112 - [Utils] MethodGroupsHelper.sortMethods() took 0 ms.
2025-01-17 13:01:40 INFO  Utils:112 - [Utils] MethodGroupsHelper.collectMethodsByGroup() took 4 ms.
2025-01-17 13:01:40 INFO  Utils:112 - [Utils] MethodGroupsHelper.sortMethods() took 12 ms.
2025-01-17 13:01:40 INFO  Utils:112 - [Utils] MethodGroupsHelper.collectMethodsByGroup() took 0 ms.
2025-01-17 13:01:40 INFO  Utils:112 - [Utils] MethodGroupsHelper.sortMethods() took 0 ms.
2025-01-17 13:01:40 INFO  Utils:112 - [Utils] MethodGroupsHelper.collectMethodsByGroup() took 0 ms.
2025-01-17 13:01:40 INFO  Utils:112 - [Utils] MethodGroupsHelper.sortMethods() took 0 ms.
2025-01-17 13:01:40 INFO  Utils:112 - [Utils] MethodGroupsHelper.collectMethodsByGroup() took 0 ms.
2025-01-17 13:01:40 INFO  Utils:112 - [Utils] MethodGroupsHelper.sortMethods() took 0 ms.
2025-01-17 13:01:40 INFO  Utils:112 - [Utils] MethodGroupsHelper.collectMethodsByGroup() took 0 ms.
2025-01-17 13:01:40 INFO  Utils:112 - [Utils] MethodGroupsHelper.sortMethods() took 0 ms.
2025-01-17 13:01:40 INFO  Utils:112 - [Utils] MethodGroupsHelper.collectMethodsByGroup() took 0 ms.
2025-01-17 13:01:40 INFO  Utils:112 - [Utils] MethodGroupsHelper.sortMethods() took 0 ms.
2025-01-17 13:01:40 INFO  Utils:112 - [Utils] MethodGroupsHelper.collectMethodsByGroup() took 0 ms.
2025-01-17 13:01:40 INFO  Utils:112 - [Utils] MethodGroupsHelper.sortMethods() took 0 ms.
2025-01-17 13:01:40 INFO  Utils:112 - [Utils] MethodGroupsHelper.collectMethodsByGroup() took 0 ms.
2025-01-17 13:01:40 INFO  Utils:112 - [Utils] MethodGroupsHelper.sortMethods() took 0 ms.
2025-01-17 13:01:40 INFO  Utils:112 - [Utils] MethodGroupsHelper.collectMethodsByGroup() took 0 ms.
2025-01-17 13:01:40 INFO  Utils:112 - [Utils] MethodGroupsHelper.sortMethods() took 0 ms.
2025-01-17 13:01:40 INFO  Utils:112 - [Utils] MethodGroupsHelper.collectMethodsByGroup() took 0 ms.
2025-01-17 13:01:40 INFO  Utils:112 - [Utils] MethodGroupsHelper.sortMethods() took 0 ms.
2025-01-17 13:01:40 INFO  Utils:112 - [Utils] MethodGroupsHelper.collectMethodsByGroup() took 0 ms.
2025-01-17 13:01:40 INFO  Utils:112 - [Utils] MethodGroupsHelper.sortMethods() took 0 ms.
2025-01-17 13:01:40 INFO  Utils:112 - [TestNG] Running:
  C:\Users\Chandra\AppData\Local\Temp\testng-eclipse-907526185\testng-customsuite.xml

2025-01-17 13:01:40 INFO  Utils:112 - [Utils] DynamicGraphHelper.createDynamicGraph() took 5 ms.
2025-01-17 13:01:44 INFO  TC_001_AccountRegistrationTest:15 - *****Starting the Test Execution**********
2025-01-17 13:02:00 WARN  TC_001_AccountRegistrationTest:38 - ----------Asserting the Confirmation message------------
2025-01-17 13:02:00 ERROR TC_001_AccountRegistrationTest:46 - Error in the Program, test failed
2025-01-17 13:02:00 DEBUG TC_001_AccountRegistrationTest:47 - Debug logs
2025-01-17 13:02:00 INFO  Utils:112 - [TestNG] Time taken by org.testng.reporters.jq.Main@61f3fbb8: 131 ms
2025-01-17 13:02:00 INFO  Utils:112 - [TestNG] Time taken by org.testng.reporters.FailedReporter@7551da2a: 2 ms
2025-01-17 13:02:00 INFO  Utils:112 - [TestNG] Time taken by org.testng.reporters.XMLReporter@985696: 26 ms
2025-01-17 13:02:00 INFO  Utils:112 - [TestNG] Time taken by org.testng.reporters.EmailableReporter2@6124287a: 17 ms
2025-01-17 13:02:00 INFO  Utils:112 - [TestNG] Time taken by org.testng.reporters.JUnitReportReporter@c81fd12: 10 ms
2025-01-17 13:02:00 INFO  Utils:112 - [TestNG] Time taken by org.testng.internal.ExitCodeListener@62e6a3ec: 1 ms
2025-01-17 13:06:44 DEBUG TestNG:82 - suiteXmlPath: "C:\Users\Chandra\AppData\Local\Temp\testng-eclipse--1783734887\testng-customsuite.xml"
2025-01-17 13:06:45 INFO  Utils:112 - [Utils] MethodGroupsHelper.collectMethodsByGroup() took 0 ms.
2025-01-17 13:06:45 INFO  Utils:112 - [Utils] MethodGroupsHelper.sortMethods() took 1 ms.
2025-01-17 13:06:45 INFO  Utils:112 - [Utils] MethodGroupsHelper.collectMethodsByGroup() took 0 ms.
2025-01-17 13:06:45 INFO  Utils:112 - [Utils] MethodGroupsHelper.sortMethods() took 0 ms.
2025-01-17 13:06:45 INFO  Utils:112 - [Utils] MethodGroupsHelper.collectMethodsByGroup() took 0 ms.
2025-01-17 13:06:45 INFO  Utils:112 - [Utils] MethodGroupsHelper.sortMethods() took 0 ms.
2025-01-17 13:06:45 INFO  Utils:112 - [Utils] MethodGroupsHelper.collectMethodsByGroup() took 0 ms.
2025-01-17 13:06:45 INFO  Utils:112 - [Utils] MethodGroupsHelper.sortMethods() took 0 ms.
2025-01-17 13:06:45 INFO  Utils:112 - [Utils] MethodGroupsHelper.collectMethodsByGroup() took 3 ms.
2025-01-17 13:06:45 INFO  Utils:112 - [Utils] MethodGroupsHelper.sortMethods() took 11 ms.
2025-01-17 13:06:45 INFO  Utils:112 - [Utils] MethodGroupsHelper.collectMethodsByGroup() took 0 ms.
2025-01-17 13:06:45 INFO  Utils:112 - [Utils] MethodGroupsHelper.sortMethods() took 0 ms.
2025-01-17 13:06:45 INFO  Utils:112 - [Utils] MethodGroupsHelper.collectMethodsByGroup() took 0 ms.
2025-01-17 13:06:45 INFO  Utils:112 - [Utils] MethodGroupsHelper.sortMethods() took 0 ms.
2025-01-17 13:06:45 INFO  Utils:112 - [Utils] MethodGroupsHelper.collectMethodsByGroup() took 0 ms.
2025-01-17 13:06:45 INFO  Utils:112 - [Utils] MethodGroupsHelper.sortMethods() took 0 ms.
2025-01-17 13:06:45 INFO  Utils:112 - [Utils] MethodGroupsHelper.collectMethodsByGroup() took 0 ms.
2025-01-17 13:06:45 INFO  Utils:112 - [Utils] MethodGroupsHelper.sortMethods() took 0 ms.
2025-01-17 13:06:45 INFO  Utils:112 - [Utils] MethodGroupsHelper.collectMethodsByGroup() took 0 ms.
2025-01-17 13:06:45 INFO  Utils:112 - [Utils] MethodGroupsHelper.sortMethods() took 0 ms.
2025-01-17 13:06:45 INFO  Utils:112 - [Utils] MethodGroupsHelper.collectMethodsByGroup() took 0 ms.
2025-01-17 13:06:45 INFO  Utils:112 - [Utils] MethodGroupsHelper.sortMethods() took 0 ms.
2025-01-17 13:06:45 INFO  Utils:112 - [Utils] MethodGroupsHelper.collectMethodsByGroup() took 0 ms.
2025-01-17 13:06:45 INFO  Utils:112 - [Utils] MethodGroupsHelper.sortMethods() took 0 ms.
2025-01-17 13:06:45 INFO  Utils:112 - [Utils] MethodGroupsHelper.collectMethodsByGroup() took 0 ms.
2025-01-17 13:06:45 INFO  Utils:112 - [Utils] MethodGroupsHelper.sortMethods() took 0 ms.
2025-01-17 13:06:45 INFO  Utils:112 - [Utils] MethodGroupsHelper.collectMethodsByGroup() took 0 ms.
2025-01-17 13:06:45 INFO  Utils:112 - [Utils] MethodGroupsHelper.sortMethods() took 0 ms.
2025-01-17 13:06:45 INFO  Utils:112 - [Utils] MethodGroupsHelper.collectMethodsByGroup() took 0 ms.
2025-01-17 13:06:45 INFO  Utils:112 - [Utils] MethodGroupsHelper.sortMethods() took 0 ms.
2025-01-17 13:06:45 INFO  Utils:112 - [TestNG] Running:
  C:\Users\Chandra\AppData\Local\Temp\testng-eclipse--1783734887\testng-customsuite.xml

2025-01-17 13:06:45 INFO  Utils:112 - [Utils] DynamicGraphHelper.createDynamicGraph() took 3 ms.
2025-01-17 13:06:48 INFO  TC_001_AccountRegistrationTest:15 - *****Starting the Test Execution**********
2025-01-17 13:07:01 WARN  TC_001_AccountRegistrationTest:38 - ----------Asserting the Confirmation message------------
2025-01-17 13:07:01 ERROR TC_001_AccountRegistrationTest:42 - Error in the Program, test failed
2025-01-17 13:07:01 DEBUG TC_001_AccountRegistrationTest:43 - Debug logs
2025-01-17 13:07:01 INFO  Utils:112 - [TestNG] Time taken by org.testng.reporters.jq.Main@61f3fbb8: 112 ms
2025-01-17 13:07:01 INFO  Utils:112 - [TestNG] Time taken by org.testng.reporters.FailedReporter@7551da2a: 1 ms
2025-01-17 13:07:01 INFO  Utils:112 - [TestNG] Time taken by org.testng.reporters.XMLReporter@985696: 14 ms
2025-01-17 13:07:01 INFO  Utils:112 - [TestNG] Time taken by org.testng.reporters.EmailableReporter2@6124287a: 12 ms
2025-01-17 13:07:01 INFO  Utils:112 - [TestNG] Time taken by org.testng.reporters.JUnitReportReporter@c81fd12: 7 ms
2025-01-17 13:07:01 INFO  Utils:112 - [TestNG] Time taken by org.testng.internal.ExitCodeListener@62e6a3ec: 0 ms
2025-01-17 13:07:33 DEBUG TestNG:82 - suiteXmlPath: "C:\Users\Chandra\AppData\Local\Temp\testng-eclipse-339571699\testng-customsuite.xml"
2025-01-17 13:07:34 INFO  Utils:112 - [Utils] MethodGroupsHelper.collectMethodsByGroup() took 0 ms.
2025-01-17 13:07:34 INFO  Utils:112 - [Utils] MethodGroupsHelper.sortMethods() took 1 ms.
2025-01-17 13:07:34 INFO  Utils:112 - [Utils] MethodGroupsHelper.collectMethodsByGroup() took 0 ms.
2025-01-17 13:07:34 INFO  Utils:112 - [Utils] MethodGroupsHelper.sortMethods() took 0 ms.
2025-01-17 13:07:34 INFO  Utils:112 - [Utils] MethodGroupsHelper.collectMethodsByGroup() took 0 ms.
2025-01-17 13:07:34 INFO  Utils:112 - [Utils] MethodGroupsHelper.sortMethods() took 0 ms.
2025-01-17 13:07:34 INFO  Utils:112 - [Utils] MethodGroupsHelper.collectMethodsByGroup() took 0 ms.
2025-01-17 13:07:34 INFO  Utils:112 - [Utils] MethodGroupsHelper.sortMethods() took 0 ms.
2025-01-17 13:07:34 INFO  Utils:112 - [Utils] MethodGroupsHelper.collectMethodsByGroup() took 3 ms.
2025-01-17 13:07:34 INFO  Utils:112 - [Utils] MethodGroupsHelper.sortMethods() took 11 ms.
2025-01-17 13:07:34 INFO  Utils:112 - [Utils] MethodGroupsHelper.collectMethodsByGroup() took 0 ms.
2025-01-17 13:07:34 INFO  Utils:112 - [Utils] MethodGroupsHelper.sortMethods() took 0 ms.
2025-01-17 13:07:34 INFO  Utils:112 - [Utils] MethodGroupsHelper.collectMethodsByGroup() took 0 ms.
2025-01-17 13:07:34 INFO  Utils:112 - [Utils] MethodGroupsHelper.sortMethods() took 0 ms.
2025-01-17 13:07:34 INFO  Utils:112 - [Utils] MethodGroupsHelper.collectMethodsByGroup() took 0 ms.
2025-01-17 13:07:34 INFO  Utils:112 - [Utils] MethodGroupsHelper.sortMethods() took 0 ms.
2025-01-17 13:07:34 INFO  Utils:112 - [Utils] MethodGroupsHelper.collectMethodsByGroup() took 0 ms.
2025-01-17 13:07:34 INFO  Utils:112 - [Utils] MethodGroupsHelper.sortMethods() took 0 ms.
2025-01-17 13:07:34 INFO  Utils:112 - [Utils] MethodGroupsHelper.collectMethodsByGroup() took 0 ms.
2025-01-17 13:07:34 INFO  Utils:112 - [Utils] MethodGroupsHelper.sortMethods() took 0 ms.
2025-01-17 13:07:34 INFO  Utils:112 - [Utils] MethodGroupsHelper.collectMethodsByGroup() took 0 ms.
2025-01-17 13:07:34 INFO  Utils:112 - [Utils] MethodGroupsHelper.sortMethods() took 0 ms.
2025-01-17 13:07:34 INFO  Utils:112 - [Utils] MethodGroupsHelper.collectMethodsByGroup() took 0 ms.
2025-01-17 13:07:34 INFO  Utils:112 - [Utils] MethodGroupsHelper.sortMethods() took 0 ms.
2025-01-17 13:07:34 INFO  Utils:112 - [Utils] MethodGroupsHelper.collectMethodsByGroup() took 0 ms.
2025-01-17 13:07:34 INFO  Utils:112 - [Utils] MethodGroupsHelper.sortMethods() took 0 ms.
2025-01-17 13:07:34 INFO  Utils:112 - [Utils] MethodGroupsHelper.collectMethodsByGroup() took 0 ms.
2025-01-17 13:07:34 INFO  Utils:112 - [Utils] MethodGroupsHelper.sortMethods() took 0 ms.
2025-01-17 13:07:34 INFO  Utils:112 - [Utils] MethodGroupsHelper.collectMethodsByGroup() took 0 ms.
2025-01-17 13:07:34 INFO  Utils:112 - [Utils] MethodGroupsHelper.sortMethods() took 0 ms.
2025-01-17 13:07:34 INFO  Utils:112 - [TestNG] Running:
  C:\Users\Chandra\AppData\Local\Temp\testng-eclipse-339571699\testng-customsuite.xml

2025-01-17 13:07:34 INFO  Utils:112 - [Utils] DynamicGraphHelper.createDynamicGraph() took 5 ms.
2025-01-17 13:07:38 INFO  TC_001_AccountRegistrationTest:15 - *****Starting the Test Execution**********
2025-01-17 13:07:50 WARN  TC_001_AccountRegistrationTest:38 - ----------Asserting the Confirmation message------------
2025-01-17 13:07:50 ERROR TC_001_AccountRegistrationTest:42 - Error in the Program, test failed
2025-01-17 13:07:50 DEBUG TC_001_AccountRegistrationTest:43 - Debug logs
2025-01-17 13:07:50 INFO  Utils:112 - [TestNG] Time taken by org.testng.reporters.jq.Main@5e9456ae: 107 ms
2025-01-17 13:07:51 INFO  Utils:112 - [TestNG] Time taken by org.testng.reporters.FailedReporter@5754de72: 20 ms
2025-01-17 13:07:51 INFO  Utils:112 - [TestNG] Time taken by org.testng.reporters.XMLReporter@26ae880a: 14 ms
2025-01-17 13:07:51 INFO  Utils:112 - [TestNG] Time taken by org.testng.reporters.EmailableReporter2@29c5ee1d: 11 ms
2025-01-17 13:07:51 INFO  Utils:112 - [TestNG] Time taken by org.testng.reporters.JUnitReportReporter@1dbb650b: 7 ms
2025-01-17 13:07:51 INFO  Utils:112 - [TestNG] Time taken by org.testng.internal.ExitCodeListener@656d10a4: 0 ms
2025-01-17 13:10:54 DEBUG TestNG:82 - suiteXmlPath: "C:\Users\Chandra\AppData\Local\Temp\testng-eclipse--1092019306\testng-customsuite.xml"
2025-01-17 13:10:54 INFO  Utils:112 - [Utils] MethodGroupsHelper.collectMethodsByGroup() took 0 ms.
2025-01-17 13:10:54 INFO  Utils:112 - [Utils] MethodGroupsHelper.sortMethods() took 1 ms.
2025-01-17 13:10:54 INFO  Utils:112 - [Utils] MethodGroupsHelper.collectMethodsByGroup() took 0 ms.
2025-01-17 13:10:54 INFO  Utils:112 - [Utils] MethodGroupsHelper.sortMethods() took 0 ms.
2025-01-17 13:10:54 INFO  Utils:112 - [Utils] MethodGroupsHelper.collectMethodsByGroup() took 0 ms.
2025-01-17 13:10:54 INFO  Utils:112 - [Utils] MethodGroupsHelper.sortMethods() took 0 ms.
2025-01-17 13:10:54 INFO  Utils:112 - [Utils] MethodGroupsHelper.collectMethodsByGroup() took 0 ms.
2025-01-17 13:10:54 INFO  Utils:112 - [Utils] MethodGroupsHelper.sortMethods() took 0 ms.
2025-01-17 13:10:54 INFO  Utils:112 - [Utils] MethodGroupsHelper.collectMethodsByGroup() took 3 ms.
2025-01-17 13:10:54 INFO  Utils:112 - [Utils] MethodGroupsHelper.sortMethods() took 15 ms.
2025-01-17 13:10:54 INFO  Utils:112 - [Utils] MethodGroupsHelper.collectMethodsByGroup() took 0 ms.
2025-01-17 13:10:54 INFO  Utils:112 - [Utils] MethodGroupsHelper.sortMethods() took 0 ms.
2025-01-17 13:10:54 INFO  Utils:112 - [Utils] MethodGroupsHelper.collectMethodsByGroup() took 0 ms.
2025-01-17 13:10:54 INFO  Utils:112 - [Utils] MethodGroupsHelper.sortMethods() took 0 ms.
2025-01-17 13:10:54 INFO  Utils:112 - [Utils] MethodGroupsHelper.collectMethodsByGroup() took 0 ms.
2025-01-17 13:10:54 INFO  Utils:112 - [Utils] MethodGroupsHelper.sortMethods() took 0 ms.
2025-01-17 13:10:54 INFO  Utils:112 - [Utils] MethodGroupsHelper.collectMethodsByGroup() took 0 ms.
2025-01-17 13:10:54 INFO  Utils:112 - [Utils] MethodGroupsHelper.sortMethods() took 0 ms.
2025-01-17 13:10:54 INFO  Utils:112 - [Utils] MethodGroupsHelper.collectMethodsByGroup() took 0 ms.
2025-01-17 13:10:54 INFO  Utils:112 - [Utils] MethodGroupsHelper.sortMethods() took 0 ms.
2025-01-17 13:10:54 INFO  Utils:112 - [Utils] MethodGroupsHelper.collectMethodsByGroup() took 0 ms.
2025-01-17 13:10:54 INFO  Utils:112 - [Utils] MethodGroupsHelper.sortMethods() took 0 ms.
2025-01-17 13:10:54 INFO  Utils:112 - [Utils] MethodGroupsHelper.collectMethodsByGroup() took 0 ms.
2025-01-17 13:10:54 INFO  Utils:112 - [Utils] MethodGroupsHelper.sortMethods() took 0 ms.
2025-01-17 13:10:54 INFO  Utils:112 - [Utils] MethodGroupsHelper.collectMethodsByGroup() took 0 ms.
2025-01-17 13:10:54 INFO  Utils:112 - [Utils] MethodGroupsHelper.sortMethods() took 0 ms.
2025-01-17 13:10:54 INFO  Utils:112 - [Utils] MethodGroupsHelper.collectMethodsByGroup() took 0 ms.
2025-01-17 13:10:54 INFO  Utils:112 - [Utils] MethodGroupsHelper.sortMethods() took 0 ms.
2025-01-17 13:10:54 INFO  Utils:112 - [Utils] MethodGroupsHelper.collectMethodsByGroup() took 0 ms.
2025-01-17 13:10:54 INFO  Utils:112 - [Utils] MethodGroupsHelper.sortMethods() took 0 ms.
2025-01-17 13:10:54 INFO  Utils:112 - [TestNG] Running:
  C:\Users\Chandra\AppData\Local\Temp\testng-eclipse--1092019306\testng-customsuite.xml

2025-01-17 13:10:54 INFO  Utils:112 - [Utils] DynamicGraphHelper.createDynamicGraph() took 4 ms.
2025-01-17 13:10:58 INFO  TC_001_AccountRegistrationTest:15 - *****Starting the Test Execution**********
2025-01-17 13:11:10 WARN  TC_001_AccountRegistrationTest:38 - ----------Asserting the Confirmation message------------
2025-01-17 13:11:10 ERROR TC_001_AccountRegistrationTest:42 - Error in the Program, test failed
2025-01-17 13:11:10 DEBUG TC_001_AccountRegistrationTest:43 - Debug logs
2025-01-17 13:11:11 INFO  Utils:112 - [TestNG] Time taken by org.testng.reporters.jq.Main@5e9456ae: 78 ms
2025-01-17 13:11:11 INFO  Utils:112 - [TestNG] Time taken by org.testng.reporters.FailedReporter@5754de72: 16 ms
2025-01-17 13:11:11 INFO  Utils:112 - [TestNG] Time taken by org.testng.reporters.XMLReporter@26ae880a: 16 ms
2025-01-17 13:11:11 INFO  Utils:112 - [TestNG] Time taken by org.testng.reporters.EmailableReporter2@29c5ee1d: 8 ms
2025-01-17 13:11:11 INFO  Utils:112 - [TestNG] Time taken by org.testng.reporters.JUnitReportReporter@1dbb650b: 10 ms
2025-01-17 13:11:11 INFO  Utils:112 - [TestNG] Time taken by org.testng.internal.ExitCodeListener@656d10a4: 0 ms
2025-01-17 13:15:11 DEBUG TestNG:82 - suiteXmlPath: "C:\Users\Chandra\AppData\Local\Temp\testng-eclipse-524293854\testng-customsuite.xml"
2025-01-17 13:15:11 INFO  Utils:112 - [Utils] MethodGroupsHelper.collectMethodsByGroup() took 0 ms.
2025-01-17 13:15:11 INFO  Utils:112 - [Utils] MethodGroupsHelper.sortMethods() took 2 ms.
2025-01-17 13:15:11 INFO  Utils:112 - [Utils] MethodGroupsHelper.collectMethodsByGroup() took 0 ms.
2025-01-17 13:15:11 INFO  Utils:112 - [Utils] MethodGroupsHelper.sortMethods() took 0 ms.
2025-01-17 13:15:11 INFO  Utils:112 - [Utils] MethodGroupsHelper.collectMethodsByGroup() took 0 ms.
2025-01-17 13:15:11 INFO  Utils:112 - [Utils] MethodGroupsHelper.sortMethods() took 0 ms.
2025-01-17 13:15:11 INFO  Utils:112 - [Utils] MethodGroupsHelper.collectMethodsByGroup() took 0 ms.
2025-01-17 13:15:11 INFO  Utils:112 - [Utils] MethodGroupsHelper.sortMethods() took 0 ms.
2025-01-17 13:15:11 INFO  Utils:112 - [Utils] MethodGroupsHelper.collectMethodsByGroup() took 5 ms.
2025-01-17 13:15:11 INFO  Utils:112 - [Utils] MethodGroupsHelper.sortMethods() took 9 ms.
2025-01-17 13:15:11 INFO  Utils:112 - [Utils] MethodGroupsHelper.collectMethodsByGroup() took 0 ms.
2025-01-17 13:15:11 INFO  Utils:112 - [Utils] MethodGroupsHelper.sortMethods() took 0 ms.
2025-01-17 13:15:11 INFO  Utils:112 - [Utils] MethodGroupsHelper.collectMethodsByGroup() took 0 ms.
2025-01-17 13:15:11 INFO  Utils:112 - [Utils] MethodGroupsHelper.sortMethods() took 0 ms.
2025-01-17 13:15:11 INFO  Utils:112 - [Utils] MethodGroupsHelper.collectMethodsByGroup() took 0 ms.
2025-01-17 13:15:11 INFO  Utils:112 - [Utils] MethodGroupsHelper.sortMethods() took 0 ms.
2025-01-17 13:15:11 INFO  Utils:112 - [Utils] MethodGroupsHelper.collectMethodsByGroup() took 0 ms.
2025-01-17 13:15:11 INFO  Utils:112 - [Utils] MethodGroupsHelper.sortMethods() took 0 ms.
2025-01-17 13:15:11 INFO  Utils:112 - [Utils] MethodGroupsHelper.collectMethodsByGroup() took 0 ms.
2025-01-17 13:15:11 INFO  Utils:112 - [Utils] MethodGroupsHelper.sortMethods() took 0 ms.
2025-01-17 13:15:11 INFO  Utils:112 - [Utils] MethodGroupsHelper.collectMethodsByGroup() took 0 ms.
2025-01-17 13:15:11 INFO  Utils:112 - [Utils] MethodGroupsHelper.sortMethods() took 0 ms.
2025-01-17 13:15:11 INFO  Utils:112 - [Utils] MethodGroupsHelper.collectMethodsByGroup() took 0 ms.
2025-01-17 13:15:11 INFO  Utils:112 - [Utils] MethodGroupsHelper.sortMethods() took 0 ms.
2025-01-17 13:15:11 INFO  Utils:112 - [Utils] MethodGroupsHelper.collectMethodsByGroup() took 0 ms.
2025-01-17 13:15:11 INFO  Utils:112 - [Utils] MethodGroupsHelper.sortMethods() took 0 ms.
2025-01-17 13:15:11 INFO  Utils:112 - [Utils] MethodGroupsHelper.collectMethodsByGroup() took 0 ms.
2025-01-17 13:15:11 INFO  Utils:112 - [Utils] MethodGroupsHelper.sortMethods() took 0 ms.
2025-01-17 13:15:11 INFO  Utils:112 - [Utils] MethodGroupsHelper.collectMethodsByGroup() took 0 ms.
2025-01-17 13:15:11 INFO  Utils:112 - [Utils] MethodGroupsHelper.sortMethods() took 0 ms.
2025-01-17 13:15:11 INFO  Utils:112 - [TestNG] Running:
  C:\Users\Chandra\AppData\Local\Temp\testng-eclipse-524293854\testng-customsuite.xml

2025-01-17 13:15:11 INFO  Utils:112 - [Utils] DynamicGraphHelper.createDynamicGraph() took 4 ms.
2025-01-17 13:15:14 INFO  TC_001_AccountRegistrationTest:15 - *****Starting the Test Execution**********
2025-01-17 13:15:27 WARN  TC_001_AccountRegistrationTest:38 - ----------Asserting the Confirmation message------------
2025-01-17 13:15:27 ERROR TC_001_AccountRegistrationTest:42 - Error in the Program, test failed
2025-01-17 13:15:27 DEBUG TC_001_AccountRegistrationTest:43 - Debug logs
2025-01-17 13:15:27 INFO  Utils:112 - [TestNG] Time taken by org.testng.reporters.jq.Main@5e9456ae: 107 ms
2025-01-17 13:15:27 INFO  Utils:112 - [TestNG] Time taken by org.testng.reporters.FailedReporter@5754de72: 18 ms
2025-01-17 13:15:28 INFO  Utils:112 - [TestNG] Time taken by org.testng.reporters.XMLReporter@26ae880a: 18 ms
2025-01-17 13:15:28 INFO  Utils:112 - [TestNG] Time taken by org.testng.reporters.EmailableReporter2@29c5ee1d: 11 ms
2025-01-17 13:15:28 INFO  Utils:112 - [TestNG] Time taken by org.testng.reporters.JUnitReportReporter@1dbb650b: 7 ms
2025-01-17 13:15:28 INFO  Utils:112 - [TestNG] Time taken by org.testng.internal.ExitCodeListener@656d10a4: 0 ms
2025-01-17 13:15:38 DEBUG TestNG:82 - suiteXmlPath: "C:\Users\Chandra\AppData\Local\Temp\testng-eclipse--1194718259\testng-customsuite.xml"
2025-01-17 13:15:41 INFO  Utils:112 - [Utils] MethodGroupsHelper.collectMethodsByGroup() took 1 ms.
2025-01-17 13:15:41 INFO  Utils:112 - [Utils] MethodGroupsHelper.sortMethods() took 1 ms.
2025-01-17 13:15:41 INFO  Utils:112 - [Utils] MethodGroupsHelper.collectMethodsByGroup() took 0 ms.
2025-01-17 13:15:41 INFO  Utils:112 - [Utils] MethodGroupsHelper.sortMethods() took 0 ms.
2025-01-17 13:15:41 INFO  Utils:112 - [Utils] MethodGroupsHelper.collectMethodsByGroup() took 0 ms.
2025-01-17 13:15:41 INFO  Utils:112 - [Utils] MethodGroupsHelper.sortMethods() took 0 ms.
2025-01-17 13:15:41 INFO  Utils:112 - [Utils] MethodGroupsHelper.collectMethodsByGroup() took 0 ms.
2025-01-17 13:15:41 INFO  Utils:112 - [Utils] MethodGroupsHelper.sortMethods() took 0 ms.
2025-01-17 13:15:41 INFO  Utils:112 - [Utils] MethodGroupsHelper.collectMethodsByGroup() took 2 ms.
2025-01-17 13:15:41 INFO  Utils:112 - [Utils] MethodGroupsHelper.sortMethods() took 10 ms.
2025-01-17 13:15:41 INFO  Utils:112 - [Utils] MethodGroupsHelper.collectMethodsByGroup() took 0 ms.
2025-01-17 13:15:41 INFO  Utils:112 - [Utils] MethodGroupsHelper.sortMethods() took 0 ms.
2025-01-17 13:15:41 INFO  Utils:112 - [Utils] MethodGroupsHelper.collectMethodsByGroup() took 0 ms.
2025-01-17 13:15:41 INFO  Utils:112 - [Utils] MethodGroupsHelper.sortMethods() took 0 ms.
2025-01-17 13:15:41 INFO  Utils:112 - [Utils] MethodGroupsHelper.collectMethodsByGroup() took 0 ms.
2025-01-17 13:15:41 INFO  Utils:112 - [Utils] MethodGroupsHelper.sortMethods() took 0 ms.
2025-01-17 13:15:41 INFO  Utils:112 - [Utils] MethodGroupsHelper.collectMethodsByGroup() took 0 ms.
2025-01-17 13:15:41 INFO  Utils:112 - [Utils] MethodGroupsHelper.sortMethods() took 0 ms.
2025-01-17 13:15:41 INFO  Utils:112 - [Utils] MethodGroupsHelper.collectMethodsByGroup() took 0 ms.
2025-01-17 13:15:41 INFO  Utils:112 - [Utils] MethodGroupsHelper.sortMethods() took 0 ms.
2025-01-17 13:15:41 INFO  Utils:112 - [Utils] MethodGroupsHelper.collectMethodsByGroup() took 0 ms.
2025-01-17 13:15:41 INFO  Utils:112 - [Utils] MethodGroupsHelper.sortMethods() took 0 ms.
2025-01-17 13:15:41 INFO  Utils:112 - [Utils] MethodGroupsHelper.collectMethodsByGroup() took 0 ms.
2025-01-17 13:15:41 INFO  Utils:112 - [Utils] MethodGroupsHelper.sortMethods() took 0 ms.
2025-01-17 13:15:41 INFO  Utils:112 - [Utils] MethodGroupsHelper.collectMethodsByGroup() took 0 ms.
2025-01-17 13:15:41 INFO  Utils:112 - [Utils] MethodGroupsHelper.sortMethods() took 0 ms.
2025-01-17 13:15:41 INFO  Utils:112 - [Utils] MethodGroupsHelper.collectMethodsByGroup() took 0 ms.
2025-01-17 13:15:41 INFO  Utils:112 - [Utils] MethodGroupsHelper.sortMethods() took 0 ms.
2025-01-17 13:15:41 INFO  Utils:112 - [Utils] MethodGroupsHelper.collectMethodsByGroup() took 0 ms.
2025-01-17 13:15:41 INFO  Utils:112 - [Utils] MethodGroupsHelper.sortMethods() took 0 ms.
2025-01-17 13:15:41 INFO  Utils:112 - [TestNG] Running:
  C:\Users\Chandra\AppData\Local\Temp\testng-eclipse--1194718259\testng-customsuite.xml

2025-01-17 13:15:41 INFO  Utils:112 - [Utils] DynamicGraphHelper.createDynamicGraph() took 4 ms.
2025-01-17 13:15:44 INFO  TC_001_AccountRegistrationTest:15 - *****Starting the Test Execution**********
2025-01-17 13:15:47 WARN  TC_001_AccountRegistrationTest:38 - ----------Asserting the Confirmation message------------
2025-01-17 13:15:47 INFO  TC_001_AccountRegistrationTest:49 - *******Test Passed****************
2025-01-17 13:15:48 INFO  Utils:112 - [TestNG] Time taken by org.testng.reporters.jq.Main@15fa55a6: 53 ms
2025-01-17 13:15:48 INFO  Utils:112 - [TestNG] Time taken by org.testng.reporters.FailedReporter@4f186450: 1 ms
2025-01-17 13:15:48 INFO  Utils:112 - [TestNG] Time taken by org.testng.reporters.XMLReporter@87abc48: 8 ms
2025-01-17 13:15:48 INFO  Utils:112 - [TestNG] Time taken by org.testng.reporters.EmailableReporter2@61f3fbb8: 8 ms
2025-01-17 13:15:48 INFO  Utils:112 - [TestNG] Time taken by org.testng.reporters.JUnitReportReporter@63da207f: 5 ms
2025-01-17 13:15:48 INFO  Utils:112 - [TestNG] Time taken by org.testng.internal.ExitCodeListener@173373b4: 0 ms
2025-01-17 13:17:41 DEBUG TestNG:82 - suiteXmlPath: "C:\Users\Chandra\AppData\Local\Temp\testng-eclipse-616095600\testng-customsuite.xml"
2025-01-17 13:17:41 INFO  Utils:112 - [Utils] MethodGroupsHelper.collectMethodsByGroup() took 0 ms.
2025-01-17 13:17:41 INFO  Utils:112 - [Utils] MethodGroupsHelper.sortMethods() took 1 ms.
2025-01-17 13:17:41 INFO  Utils:112 - [Utils] MethodGroupsHelper.collectMethodsByGroup() took 0 ms.
2025-01-17 13:17:41 INFO  Utils:112 - [Utils] MethodGroupsHelper.sortMethods() took 0 ms.
2025-01-17 13:17:41 INFO  Utils:112 - [Utils] MethodGroupsHelper.collectMethodsByGroup() took 0 ms.
2025-01-17 13:17:41 INFO  Utils:112 - [Utils] MethodGroupsHelper.sortMethods() took 0 ms.
2025-01-17 13:17:41 INFO  Utils:112 - [Utils] MethodGroupsHelper.collectMethodsByGroup() took 0 ms.
2025-01-17 13:17:41 INFO  Utils:112 - [Utils] MethodGroupsHelper.sortMethods() took 0 ms.
2025-01-17 13:17:41 INFO  Utils:112 - [Utils] MethodGroupsHelper.collectMethodsByGroup() took 2 ms.
2025-01-17 13:17:41 INFO  Utils:112 - [Utils] MethodGroupsHelper.sortMethods() took 11 ms.
2025-01-17 13:17:41 INFO  Utils:112 - [Utils] MethodGroupsHelper.collectMethodsByGroup() took 0 ms.
2025-01-17 13:17:41 INFO  Utils:112 - [Utils] MethodGroupsHelper.sortMethods() took 1 ms.
2025-01-17 13:17:41 INFO  Utils:112 - [Utils] MethodGroupsHelper.collectMethodsByGroup() took 0 ms.
2025-01-17 13:17:41 INFO  Utils:112 - [Utils] MethodGroupsHelper.sortMethods() took 0 ms.
2025-01-17 13:17:41 INFO  Utils:112 - [Utils] MethodGroupsHelper.collectMethodsByGroup() took 0 ms.
2025-01-17 13:17:41 INFO  Utils:112 - [Utils] MethodGroupsHelper.sortMethods() took 0 ms.
2025-01-17 13:17:41 INFO  Utils:112 - [Utils] MethodGroupsHelper.collectMethodsByGroup() took 0 ms.
2025-01-17 13:17:41 INFO  Utils:112 - [Utils] MethodGroupsHelper.sortMethods() took 0 ms.
2025-01-17 13:17:41 INFO  Utils:112 - [Utils] MethodGroupsHelper.collectMethodsByGroup() took 0 ms.
2025-01-17 13:17:41 INFO  Utils:112 - [Utils] MethodGroupsHelper.sortMethods() took 0 ms.
2025-01-17 13:17:41 INFO  Utils:112 - [Utils] MethodGroupsHelper.collectMethodsByGroup() took 0 ms.
2025-01-17 13:17:41 INFO  Utils:112 - [Utils] MethodGroupsHelper.sortMethods() took 0 ms.
2025-01-17 13:17:41 INFO  Utils:112 - [Utils] MethodGroupsHelper.collectMethodsByGroup() took 0 ms.
2025-01-17 13:17:41 INFO  Utils:112 - [Utils] MethodGroupsHelper.sortMethods() took 0 ms.
2025-01-17 13:17:41 INFO  Utils:112 - [Utils] MethodGroupsHelper.collectMethodsByGroup() took 1 ms.
2025-01-17 13:17:41 INFO  Utils:112 - [Utils] MethodGroupsHelper.sortMethods() took 0 ms.
2025-01-17 13:17:41 INFO  Utils:112 - [Utils] MethodGroupsHelper.collectMethodsByGroup() took 0 ms.
2025-01-17 13:17:41 INFO  Utils:112 - [Utils] MethodGroupsHelper.sortMethods() took 0 ms.
2025-01-17 13:17:41 INFO  Utils:112 - [Utils] MethodGroupsHelper.collectMethodsByGroup() took 0 ms.
2025-01-17 13:17:41 INFO  Utils:112 - [Utils] MethodGroupsHelper.sortMethods() took 0 ms.
2025-01-17 13:17:41 INFO  Utils:112 - [TestNG] Running:
  C:\Users\Chandra\AppData\Local\Temp\testng-eclipse-616095600\testng-customsuite.xml

2025-01-17 13:17:41 INFO  Utils:112 - [Utils] DynamicGraphHelper.createDynamicGraph() took 4 ms.
2025-01-17 13:17:45 INFO  TC_001_AccountRegistrationTest:15 - *****Starting the Test Execution**********
2025-01-17 13:17:49 WARN  TC_001_AccountRegistrationTest:38 - ----------Asserting the Confirmation message------------
2025-01-17 13:17:49 ERROR TC_001_AccountRegistrationTest:42 - Error in the Program, test failed
2025-01-17 13:17:49 DEBUG TC_001_AccountRegistrationTest:43 - Debug logs
2025-01-17 13:17:49 INFO  Utils:112 - [TestNG] Time taken by org.testng.reporters.jq.Main@736f3e9e: 138 ms
2025-01-17 13:17:49 INFO  Utils:112 - [TestNG] Time taken by org.testng.reporters.FailedReporter@69c93ca4: 48 ms
2025-01-17 13:17:49 INFO  Utils:112 - [TestNG] Time taken by org.testng.reporters.XMLReporter@45792847: 19 ms
2025-01-17 13:17:49 INFO  Utils:112 - [TestNG] Time taken by org.testng.reporters.EmailableReporter2@62e6a3ec: 17 ms
2025-01-17 13:17:49 INFO  Utils:112 - [TestNG] Time taken by org.testng.reporters.JUnitReportReporter@47d7bfb3: 13 ms
2025-01-17 13:17:49 INFO  Utils:112 - [TestNG] Time taken by org.testng.internal.ExitCodeListener@770b3be0: 0 ms
2025-01-17 17:48:07 INFO  Utils:112 - [TestNG] Running:
  D:\Hema\NewEclipseWorkspace\MyFirstProject\masterTestng.xml

2025-01-17 17:48:08 INFO  WebDriverManager:1229 - Using msedgedriver 131.0.2903.146 (resolved driver for Edge 131)
2025-01-17 17:48:08 INFO  WebDriverManager:1291 - Exporting webdriver.edge.driver as C:\Users\Chandra\.cache\selenium\msedgedriver\win64\131.0.2903.146\msedgedriver.exe
2025-01-17 17:48:13 INFO  TC_002_LoginTest:17 - **** Starting TC_002_LoginTest  ****
2025-01-17 17:48:13 INFO  TC_002_LoginTest:24 - clicked on myaccount link on the home page..
2025-01-17 17:48:13 INFO  TC_002_LoginTest:26 - clicked on login link under myaccount..
2025-01-17 17:48:13 INFO  TC_002_LoginTest:30 - Entering valid email and password..
2025-01-17 17:48:15 INFO  TC_002_LoginTest:34 - clicked on ligin button..
2025-01-17 17:48:15 INFO  TC_002_LoginTest:48 - **** Finished TC_002_LoginTest  ****
2025-01-17 18:15:44 INFO  WebDriverManager:1229 - Using msedgedriver 131.0.2903.146 (resolved driver for Edge 131)
2025-01-17 18:15:44 INFO  WebDriverManager:1291 - Exporting webdriver.edge.driver as C:\Users\Chandra\.cache\selenium\msedgedriver\win64\131.0.2903.146\msedgedriver.exe
2025-01-17 18:15:51 INFO  TC_002_LoginTest:17 - **** Starting TC_002_LoginTest  ****
2025-01-17 18:15:51 INFO  TC_002_LoginTest:24 - clicked on myaccount link on the home page..
2025-01-17 18:15:51 INFO  TC_002_LoginTest:26 - clicked on login link under myaccount..
2025-01-17 18:15:51 INFO  TC_002_LoginTest:30 - Entering valid email and password..
2025-01-17 18:15:52 INFO  TC_002_LoginTest:34 - clicked on ligin button..
2025-01-17 18:15:52 INFO  TC_002_LoginTest:48 - **** Finished TC_002_LoginTest  ****
2025-01-17 18:18:03 INFO  WebDriverManager:1229 - Using msedgedriver 131.0.2903.146 (resolved driver for Edge 131)
2025-01-17 18:18:03 INFO  WebDriverManager:1291 - Exporting webdriver.edge.driver as C:\Users\Chandra\.cache\selenium\msedgedriver\win64\131.0.2903.146\msedgedriver.exe
2025-01-17 18:18:12 INFO  TC_002_LoginTest:17 - **** Starting TC_002_LoginTest  ****
2025-01-17 18:18:13 INFO  TC_002_LoginTest:24 - clicked on myaccount link on the home page..
2025-01-17 18:18:13 INFO  TC_002_LoginTest:26 - clicked on login link under myaccount..
2025-01-17 18:18:13 INFO  TC_002_LoginTest:30 - Entering valid email and password..
2025-01-17 18:18:14 INFO  TC_002_LoginTest:34 - clicked on ligin button..
2025-01-17 18:18:14 INFO  TC_002_LoginTest:48 - **** Finished TC_002_LoginTest  ****
2025-01-17 19:50:25 INFO  WebDriverManager:1229 - Using msedgedriver 131.0.2903.146 (resolved driver for Edge 131)
2025-01-17 19:50:26 INFO  WebDriverManager:1291 - Exporting webdriver.edge.driver as C:\Users\Chandra\.cache\selenium\msedgedriver\win64\131.0.2903.146\msedgedriver.exe
2025-01-17 19:50:30 INFO  TC_002_LoginTest:17 - **** Starting TC_002_LoginTest  ****
2025-01-17 19:50:30 INFO  TC_002_LoginTest:24 - clicked on myaccount link on the home page..
2025-01-17 19:50:30 INFO  TC_002_LoginTest:26 - clicked on login link under myaccount..
2025-01-17 19:50:30 INFO  TC_002_LoginTest:30 - Entering valid email and password..
2025-01-17 19:50:31 INFO  TC_002_LoginTest:34 - clicked on ligin button..
2025-01-17 19:50:32 INFO  TC_002_LoginTest:48 - **** Finished TC_002_LoginTest  ****
2025-01-17 19:58:22 INFO  WebDriverManager:1229 - Using msedgedriver 131.0.2903.146 (resolved driver for Edge 131)
2025-01-17 19:58:22 INFO  WebDriverManager:1291 - Exporting webdriver.edge.driver as C:\Users\Chandra\.cache\selenium\msedgedriver\win64\131.0.2903.146\msedgedriver.exe
2025-01-17 19:58:27 INFO  TC_002_LoginTest:17 - **** Starting TC_002_LoginTest  ****
2025-01-17 19:58:27 INFO  TC_002_LoginTest:24 - clicked on myaccount link on the home page..
2025-01-17 19:58:27 INFO  TC_002_LoginTest:26 - clicked on login link under myaccount..
2025-01-17 19:58:27 INFO  TC_002_LoginTest:30 - Entering valid email and password..
2025-01-17 19:58:29 INFO  TC_002_LoginTest:34 - clicked on ligin button..
2025-01-17 19:58:29 INFO  TC_002_LoginTest:48 - **** Finished TC_002_LoginTest  ****
2025-01-17 20:05:42 INFO  WebDriverManager:1229 - Using msedgedriver 131.0.2903.146 (resolved driver for Edge 131)
2025-01-17 20:05:42 INFO  WebDriverManager:1291 - Exporting webdriver.edge.driver as C:\Users\Chandra\.cache\selenium\msedgedriver\win64\131.0.2903.146\msedgedriver.exe
2025-01-17 20:05:42 INFO  WebDriverManager:1592 - Reading https://raw.githubusercontent.com/bonigarcia/webdrivermanager/master/docs/mirror/geckodriver to seek geckodriver
2025-01-17 20:05:43 INFO  WebDriverManager:1229 - Using chromedriver 131.0.6778.264 (resolved driver for Chrome 131)
2025-01-17 20:05:43 INFO  WebDriverManager:1291 - Exporting webdriver.chrome.driver as C:\Users\Chandra\.cache\selenium\chromedriver\win64\131.0.6778.264\chromedriver.exe
2025-01-17 20:05:43 INFO  WebDriverManager:1291 - Exporting webdriver.gecko.driver as C:\Users\Chandra\.cache\selenium\geckodriver\win64\0.35.0\geckodriver.exe
2025-01-17 20:09:58 INFO  WebDriverManager:1229 - Using geckodriver 0.35.0 (resolved driver for Firefox 134)
2025-01-17 20:09:58 INFO  WebDriverManager:1229 - Using msedgedriver 131.0.2903.146 (resolved driver for Edge 131)
2025-01-17 20:09:59 INFO  WebDriverManager:1291 - Exporting webdriver.gecko.driver as C:\Users\Chandra\.cache\selenium\geckodriver\win64\0.35.0\geckodriver.exe
2025-01-17 20:09:59 INFO  WebDriverManager:1291 - Exporting webdriver.edge.driver as C:\Users\Chandra\.cache\selenium\msedgedriver\win64\131.0.2903.146\msedgedriver.exe
2025-01-17 20:10:00 INFO  WebDriverManager:1229 - Using chromedriver 131.0.6778.264 (resolved driver for Chrome 131)
2025-01-17 20:10:00 INFO  WebDriverManager:1291 - Exporting webdriver.chrome.driver as C:\Users\Chandra\.cache\selenium\chromedriver\win64\131.0.6778.264\chromedriver.exe
2025-01-17 20:10:53 INFO  WebDriverManager:1229 - Using chromedriver 131.0.6778.264 (resolved driver for Chrome 131)
2025-01-17 20:10:53 INFO  WebDriverManager:1229 - Using msedgedriver 131.0.2903.146 (resolved driver for Edge 131)
2025-01-17 20:10:53 INFO  WebDriverManager:1229 - Using geckodriver 0.35.0 (resolved driver for Firefox 134)
2025-01-17 20:10:53 INFO  WebDriverManager:1291 - Exporting webdriver.chrome.driver as C:\Users\Chandra\.cache\selenium\chromedriver\win64\131.0.6778.264\chromedriver.exe
2025-01-17 20:10:53 INFO  WebDriverManager:1291 - Exporting webdriver.gecko.driver as C:\Users\Chandra\.cache\selenium\geckodriver\win64\0.35.0\geckodriver.exe
2025-01-17 20:10:53 INFO  WebDriverManager:1291 - Exporting webdriver.edge.driver as C:\Users\Chandra\.cache\selenium\msedgedriver\win64\131.0.2903.146\msedgedriver.exe
2025-01-17 20:26:45 INFO  WebDriverManager:1229 - Using msedgedriver 131.0.2903.146 (resolved driver for Edge 131)
2025-01-17 20:26:45 INFO  WebDriverManager:1291 - Exporting webdriver.edge.driver as C:\Users\Chandra\.cache\selenium\msedgedriver\win64\131.0.2903.146\msedgedriver.exe
2025-01-17 20:26:51 INFO  TC_002_LoginTest:17 - **** Starting TC_002_LoginTest  ****
2025-01-17 20:26:51 INFO  TC_002_LoginTest:24 - clicked on myaccount link on the home page..
2025-01-17 20:26:51 INFO  TC_002_LoginTest:26 - clicked on login link under myaccount..
2025-01-17 20:26:51 INFO  TC_002_LoginTest:30 - Entering valid email and password..
2025-01-17 20:26:52 INFO  TC_002_LoginTest:34 - clicked on ligin button..
2025-01-17 20:26:52 INFO  TC_002_LoginTest:48 - **** Finished TC_002_LoginTest  ****
2025-01-17 20:27:15 INFO  WebDriverManager:1229 - Using msedgedriver 131.0.2903.146 (resolved driver for Edge 131)
2025-01-17 20:27:15 INFO  WebDriverManager:1291 - Exporting webdriver.edge.driver as C:\Users\Chandra\.cache\selenium\msedgedriver\win64\131.0.2903.146\msedgedriver.exe
2025-01-17 20:27:29 INFO  WebDriverManager:1229 - Using msedgedriver 131.0.2903.146 (resolved driver for Edge 131)
2025-01-17 20:27:29 INFO  WebDriverManager:1291 - Exporting webdriver.edge.driver as C:\Users\Chandra\.cache\selenium\msedgedriver\win64\131.0.2903.146\msedgedriver.exe
2025-01-17 20:27:34 INFO  TC_002_LoginTest:17 - **** Starting TC_002_LoginTest  ****
2025-01-17 20:27:34 INFO  TC_002_LoginTest:24 - clicked on myaccount link on the home page..
2025-01-17 20:27:35 INFO  TC_002_LoginTest:26 - clicked on login link under myaccount..
2025-01-17 20:27:35 INFO  TC_002_LoginTest:30 - Entering valid email and password..
2025-01-17 20:27:35 INFO  TC_002_LoginTest:34 - clicked on ligin button..
2025-01-17 20:27:36 INFO  TC_002_LoginTest:48 - **** Finished TC_002_LoginTest  ****
2025-01-17 20:34:49 INFO  WebDriverManager:1229 - Using msedgedriver 131.0.2903.146 (resolved driver for Edge 131)
2025-01-17 20:34:49 INFO  WebDriverManager:1291 - Exporting webdriver.edge.driver as C:\Users\Chandra\.cache\selenium\msedgedriver\win64\131.0.2903.146\msedgedriver.exe
2025-01-17 20:34:54 INFO  TC_002_LoginTest:17 - **** Starting TC_002_LoginTest  ****
2025-01-17 20:34:54 INFO  TC_002_LoginTest:24 - clicked on myaccount link on the home page..
2025-01-17 20:34:55 INFO  TC_002_LoginTest:26 - clicked on login link under myaccount..
2025-01-17 20:34:55 INFO  TC_002_LoginTest:30 - Entering valid email and password..
2025-01-17 20:34:55 INFO  TC_002_LoginTest:34 - clicked on ligin button..
2025-01-17 20:34:56 INFO  TC_002_LoginTest:48 - **** Finished TC_002_LoginTest  ****
